This is pdfTeX, Version 3.1415926-1.40.10 (TeX Live 2009/Debian) (format=pdflatex 2014.2.10)  23 MAR 2014 20:06
entering extended mode
 %&-line parsing enabled.
**skeleton.tex
(./skeleton.tex
LaTeX2e <2009/09/24>
Babel <v3.8l> and hyphenation patterns for english, usenglishmax, dumylang, noh
yphenation, loaded.
(/usr/share/texmf-texlive/tex/latex/base/article.cls
Document Class: article 2007/10/19 v1.4h Standard LaTeX document class
(/usr/share/texmf-texlive/tex/latex/base/size10.clo
File: size10.clo 2007/10/19 v1.4h Standard LaTeX file (size option)
)
\c@part=\count79
\c@section=\count80
\c@subsection=\count81
\c@subsubsection=\count82
\c@paragraph=\count83
\c@subparagraph=\count84
\c@figure=\count85
\c@table=\count86
\abovecaptionskip=\skip41
\belowcaptionskip=\skip42
\bibindent=\dimen102
)
(/usr/share/texmf-texlive/tex/latex/listings/listings.sty
(/usr/share/texmf-texlive/tex/latex/graphics/keyval.sty
Package: keyval 1999/03/16 v1.13 key=value parser (DPC)
\KV@toks@=\toks14
)
\lst@mode=\count87
\lst@gtempboxa=\box26
\lst@token=\toks15
\lst@length=\count88
\lst@currlwidth=\dimen103
\lst@column=\count89
\lst@pos=\count90
\lst@lostspace=\dimen104
\lst@width=\dimen105
\lst@newlines=\count91
\lst@lineno=\count92
\lst@maxwidth=\dimen106

(/usr/share/texmf-texlive/tex/latex/listings/lstmisc.sty
File: lstmisc.sty 2007/02/22 1.4 (Carsten Heinz)
\c@lstnumber=\count93
\lst@skipnumbers=\count94
\lst@framebox=\box27
)
(/usr/share/texmf-texlive/tex/latex/listings/listings.cfg
File: listings.cfg 2007/02/22 1.4 listings configuration
))
Package: listings 2007/02/22 1.4 (Carsten Heinz)

(/usr/share/texmf-texlive/tex/latex/graphics/graphicx.sty
Package: graphicx 1999/02/16 v1.0f Enhanced LaTeX Graphics (DPC,SPQR)

(/usr/share/texmf-texlive/tex/latex/graphics/graphics.sty
Package: graphics 2009/02/05 v1.0o Standard LaTeX Graphics (DPC,SPQR)

(/usr/share/texmf-texlive/tex/latex/graphics/trig.sty
Package: trig 1999/03/16 v1.09 sin cos tan (DPC)
)
(/etc/texmf/tex/latex/config/graphics.cfg
File: graphics.cfg 2009/08/28 v1.8 graphics configuration of TeX Live
)
Package graphics Info: Driver file: pdftex.def on input line 91.

(/usr/share/texmf-texlive/tex/latex/pdftex-def/pdftex.def
File: pdftex.def 2010/03/12 v0.04p Graphics/color for pdfTeX
\Gread@gobject=\count95
))
\Gin@req@height=\dimen107
\Gin@req@width=\dimen108
) (./skeleton.aux)
\openout1 = `skeleton.aux'.

LaTeX Font Info:    Checking defaults for OML/cmm/m/it on input line 9.
LaTeX Font Info:    ... okay on input line 9.
LaTeX Font Info:    Checking defaults for T1/cmr/m/n on input line 9.
LaTeX Font Info:    ... okay on input line 9.
LaTeX Font Info:    Checking defaults for OT1/cmr/m/n on input line 9.
LaTeX Font Info:    ... okay on input line 9.
LaTeX Font Info:    Checking defaults for OMS/cmsy/m/n on input line 9.
LaTeX Font Info:    ... okay on input line 9.
LaTeX Font Info:    Checking defaults for OMX/cmex/m/n on input line 9.
LaTeX Font Info:    ... okay on input line 9.
LaTeX Font Info:    Checking defaults for U/cmr/m/n on input line 9.
LaTeX Font Info:    ... okay on input line 9.
\c@lstlisting=\count96

(/usr/share/texmf-texlive/tex/context/base/supp-pdf.mkii
[Loading MPS to PDF converter (version 2006.09.02).]
\scratchcounter=\count97
\scratchdimen=\dimen109
\scratchbox=\box28
\nofMPsegments=\count98
\nofMParguments=\count99
\everyMPshowfont=\toks16
\MPscratchCnt=\count100
\MPscratchDim=\dimen110
\MPnumerator=\count101
\everyMPtoPDFconversion=\toks17
)
LaTeX Font Info:    External font `cmex10' loaded for size
(Font)              <12> on input line 10.
LaTeX Font Info:    External font `cmex10' loaded for size
(Font)              <8> on input line 10.
LaTeX Font Info:    External font `cmex10' loaded for size
(Font)              <6> on input line 10.
 <Queries/Question_4/Q4_screenshot.jpg, id=1, 524.71031pt x 107.65219pt>
File: Queries/Question_4/Q4_screenshot.jpg Graphic file (type jpg)

<use Queries/Question_4/Q4_screenshot.jpg>
(/usr/share/texmf-texlive/tex/latex/listings/lstlang1.sty
File: lstlang1.sty 2004/09/05 1.3 listings language file
)
Overfull \hbox (179.70901pt too wide) in paragraph at lines 12--17
[]
 []


Underfull \hbox (badness 10000) in paragraph at lines 12--17

 []

LaTeX Font Info:    External font `cmex10' loaded for size
(Font)              <7> on input line 31.
LaTeX Font Info:    External font `cmex10' loaded for size
(Font)              <5> on input line 31.
<Queries/Question_5/Q5_screenshot.jpg, id=2, 395.97937pt x 205.5178pt>
File: Queries/Question_5/Q5_screenshot.jpg Graphic file (type jpg)

<use Queries/Question_5/Q5_screenshot.jpg>
Overfull \hbox (50.97841pt too wide) in paragraph at lines 35--36
[] 
 []

[1

{/var/lib/texmf/fonts/map/pdftex/updmap/pdftex.map} <./Queries/Question_4/Q4_sc
reenshot.jpg>]
<Queries/Question_6/Q6_screenshot.jpg, id=13, 413.29407pt x 142.28156pt>
File: Queries/Question_6/Q6_screenshot.jpg Graphic file (type jpg)

<use Queries/Question_6/Q6_screenshot.jpg>
Overfull \hbox (68.29305pt too wide) in paragraph at lines 37--42
[]
 []


Underfull \hbox (badness 10000) in paragraph at lines 37--42

 []

[2 <./Queries/Question_5/Q5_screenshot.jpg> <./Queries/Question_6/Q6_screenshot
.jpg>]
<Queries/Question_7/Q7_screenshot.jpg, id=17, 956.07187pt x 155.83218pt>
File: Queries/Question_7/Q7_screenshot.jpg Graphic file (type jpg)

<use Queries/Question_7/Q7_screenshot.jpg>
Overfull \hbox (611.06953pt too wide) in paragraph at lines 61--62
[] 
 []

<Queries/Question_8/Q8_screenshot.jpg, id=18, 969.6225pt x 167.12437pt>
File: Queries/Question_8/Q8_screenshot.jpg Graphic file (type jpg)

<use Queries/Question_8/Q8_screenshot.jpg>
Overfull \hbox (624.62013pt too wide) in paragraph at lines 74--75
[] 
 []

[3 <./Queries/Question_7/Q7_screenshot.jpg> <./Queries/Question_8/Q8_screenshot
.jpg>]
<Queries/Question_9/Question_9_screenshot.PNG, id=22, 740.0147pt x 182.93344pt>
File: Queries/Question_9/Question_9_screenshot.PNG Graphic file (type png)
<use Queries/Question_9/Question_9_screenshot.PNG>
Overfull \hbox (395.0129pt too wide) in paragraph at lines 87--88
[] 
 []

LaTeX Font Info:    Try loading font information for OMS+cmr on input line 94.
(/usr/share/texmf-texlive/tex/latex/base/omscmr.fd
File: omscmr.fd 1999/05/25 v2.5h Standard LaTeX font definitions
)
LaTeX Font Info:    Font shape `OMS/cmr/m/n' in size <10> not available
(Font)              Font shape `OMS/cmsy/m/n' tried instead on input line 94.

<Queries/Question_10/Question_10_screenshot.PNG, id=24, 444.91219pt x 180.675pt
>
File: Queries/Question_10/Question_10_screenshot.PNG Graphic file (type png)
 <use Queries/Question_10/Question_10_screenshot.PNG>
Overfull \hbox (99.91109pt too wide) in paragraph at lines 100--101
[] 
 []

[4 <./Queries/Question_9/Question_9_screenshot.PNG> <./Queries/Question_10/Ques
tion_10_screenshot.PNG>]
<Queries/Question_11/Question_11_screenshot.PNG, id=30, 301.125pt x 184.43906pt
>
File: Queries/Question_11/Question_11_screenshot.PNG Graphic file (type png)
 <use Queries/Question_11/Question_11_screenshot.PNG>
<Queries/Question_12/Question_12_Screenshot.PNG, id=31, 351.56343pt x 195.73125
pt>
File: Queries/Question_12/Question_12_Screenshot.PNG Graphic file (type png)
 <use Queries/Question_12/Question_12_Screenshot.PNG>
Overfull \hbox (6.56256pt too wide) in paragraph at lines 125--126
[] 
 []


<Queries/Question_13/Question_13_screenshot.PNG, id=32, 444.91219pt x 182.93344
pt>
File: Queries/Question_13/Question_13_screenshot.PNG Graphic file (type png)
 <use Queries/Question_13/Question_13_screenshot.PNG>
Overfull \hbox (99.91109pt too wide) in paragraph at lines 127--132
[]
 []


Underfull \hbox (badness 10000) in paragraph at lines 127--132

 []

[5 <./Queries/Question_11/Question_11_screenshot.PNG> <./Queries/Question_12/Qu
estion_12_Screenshot.PNG>]
! Missing $ inserted.
<inserted text> 
                $
l.139 \section*{Question 14_(17)}
                                 
? R
OK, entering \nonstopmode...
LaTeX Font Info:    External font `cmex10' loaded for size
(Font)              <14.4> on input line 139.
! Missing $ inserted.
<inserted text> 
                $
l.139 \section*{Question 14_(17)}
                                 
I've inserted a begin-math/end-math symbol since I think
you left one out. Proceed, with fingers crossed.


<Queries/Question_14_(17)/Q14_screenshot.jpg, id=38, 621.82312pt x 158.09062pt>
File: Queries/Question_14_(17)/Q14_screenshot.jpg Graphic file (type jpg)
<use Queries/Question_14_(17)/Q14_screenshot.jpg>
Overfull \hbox (276.8216pt too wide) in paragraph at lines 151--152
[] 
 []

! Missing $ inserted.
<inserted text> 
                $
l.152 \section*{Question 15_(18)}
                                 
I've inserted a begin-math/end-math symbol since I think
you left one out. Proceed, with fingers crossed.

! Missing $ inserted.
<inserted text> 
                $
l.152 \section*{Question 15_(18)}
                                 
I've inserted a begin-math/end-math symbol since I think
you left one out. Proceed, with fingers crossed.

<Queries/Question_15_(18)/Q15_screenshot.jpg, id=39, 361.35pt x 160.34906pt>
File: Queries/Question_15_(18)/Q15_screenshot.jpg Graphic file (type jpg)

<use Queries/Question_15_(18)/Q15_screenshot.jpg>
Overfull \hbox (16.34912pt too wide) in paragraph at lines 153--158
[]
 []


Underfull \hbox (badness 10000) in paragraph at lines 153--158

 []

[6 <./Queries/Question_13/Question_13_screenshot.PNG> <./Queries/Question_14_(1
7)/Q14_screenshot.jpg>]
! Missing $ inserted.
<inserted text> 
                $
l.165 \section*{Question 16_(19)}
                                 
I've inserted a begin-math/end-math symbol since I think
you left one out. Proceed, with fingers crossed.

! Missing $ inserted.
<inserted text> 
                $
l.165 \section*{Question 16_(19)}
                                 
I've inserted a begin-math/end-math symbol since I think
you left one out. Proceed, with fingers crossed.


<Queries/Question_16_(19)/Q16_screenshot.jpg, id=44, 826.58812pt x 143.78719pt>
File: Queries/Question_16_(19)/Q16_screenshot.jpg Graphic file (type jpg)
<use Queries/Question_16_(19)/Q16_screenshot.jpg>
Overfull \hbox (481.58609pt too wide) in paragraph at lines 166--171
[]
 []


Underfull \hbox (badness 10000) in paragraph at lines 166--171

 []

[7 <./Queries/Question_15_(18)/Q15_screenshot.jpg> <./Queries/Question_16_(19)/
Q16_screenshot.jpg>]
LaTeX Font Info:    Try loading font information for OML+cmr on input line 187.

 (/usr/share/texmf-texlive/tex/latex/base/omlcmr.fd
File: omlcmr.fd 1999/05/25 v2.5h Standard LaTeX font definitions
)
LaTeX Font Info:    Font shape `OML/cmr/m/n' in size <10> not available
(Font)              Font shape `OML/cmm/m/it' tried instead on input line 187.

<Queries/Question_20/Question_20_screenshot.PNG, id=49, 807.015pt x 204.765pt>
File: Queries/Question_20/Question_20_screenshot.PNG Graphic file (type png)

<use Queries/Question_20/Question_20_screenshot.PNG>
Overfull \hbox (462.01303pt too wide) in paragraph at lines 192--193
[] 
 []


<Queries/Question_21/Question_21_screenshot.PNG, id=50, 775.39688pt x 185.19188
pt>
File: Queries/Question_21/Question_21_screenshot.PNG Graphic file (type png)
 <use Queries/Question_21/Question_21_screenshot.PNG>
Overfull \hbox (430.39499pt too wide) in paragraph at lines 205--206
[] 
 []

[8 <./Queries/Question_20/Question_20_screenshot.PNG>]
<Queries/Question_22/Q22_screenshot.jpg, id=56, 1014.79124pt x 338.76563pt>
File: Queries/Question_22/Q22_screenshot.jpg Graphic file (type jpg)

<use Queries/Question_22/Q22_screenshot.jpg>
Overfull \hbox (669.78877pt too wide) in paragraph at lines 217--218
[] 
 []

[9 <./Queries/Question_21/Question_21_screenshot.PNG>]
<Queries/Question_23/Question_23_screenshot.PNG, id=61, 746.03719pt x 162.6075p
t>
File: Queries/Question_23/Question_23_screenshot.PNG Graphic file (type png)
 <use Queries/Question_23/Question_23_screenshot.PNG>
Overfull \hbox (401.03535pt too wide) in paragraph at lines 229--230
[] 
 []

[10 <./Queries/Question_22/Q22_screenshot.jpg>]
<Queries/Question_25/Question_25_screenshot.PNG, id=65, 775.39688pt x 157.33781
pt>
File: Queries/Question_25/Question_25_screenshot.PNG Graphic file (type png)
 <use Queries/Question_25/Question_25_screenshot.PNG>
Overfull \hbox (430.39499pt too wide) in paragraph at lines 256--257
[] 
 []

[11 <./Queries/Question_23/Question_23_screenshot.PNG>]
<Queries/Question_26/Q26_screenshot.jpg, id=70, 1014.79124pt x 129.48375pt>
File: Queries/Question_26/Q26_screenshot.jpg Graphic file (type jpg)

<use Queries/Question_26/Q26_screenshot.jpg>
Overfull \hbox (669.78877pt too wide) in paragraph at lines 268--269
[] 
 []


<Queries/Question_27/Question_27_screenshot.PNG, id=71, 765.6103pt x 156.585pt>
File: Queries/Question_27/Question_27_screenshot.PNG Graphic file (type png)
<use Queries/Question_27/Question_27_screenshot.PNG>
Overfull \hbox (420.60843pt too wide) in paragraph at lines 270--275
[]
 []


Underfull \hbox (badness 10000) in paragraph at lines 270--275

 []

[12 <./Queries/Question_25/Question_25_screenshot.PNG> <./Queries/Question_26/Q
26_screenshot.jpg>]
<Queries/Question_29/Question_29_screenshot.PNG, id=76, 466.74374pt x 231.11343
pt>
File: Queries/Question_29/Question_29_screenshot.PNG Graphic file (type png)
 <use Queries/Question_29/Question_29_screenshot.PNG>
Overfull \hbox (121.7426pt too wide) in paragraph at lines 306--307
[] 
 []

[13 <./Queries/Question_27/Question_27_screenshot.PNG>]
<Queries/Question_3/Q3_screenshot.jpg, id=82, 387.69844pt x 134.00063pt>
File: Queries/Question_3/Q3_screenshot.jpg Graphic file (type jpg)

<use Queries/Question_3/Q3_screenshot.jpg>
Overfull \hbox (42.69748pt too wide) in paragraph at lines 308--313
[]
 []


Underfull \hbox (badness 10000) in paragraph at lines 308--313

 []

<Queries/Question_30/Q30_screenshot.jpg, id=83, 1015.54407pt x 167.87718pt>
File: Queries/Question_30/Q30_screenshot.jpg Graphic file (type jpg)

<use Queries/Question_30/Q30_screenshot.jpg>
Overfull \hbox (670.5416pt too wide) in paragraph at lines 319--324
[]
 []


Underfull \hbox (badness 10000) in paragraph at lines 319--324

 []

[14 <./Queries/Question_29/Question_29_screenshot.PNG> <./Queries/Question_3/Q3
_screenshot.jpg>]
<Queries/Question_31/Question_31_screenshot.PNG, id=88, 931.22906pt x 139.27031
pt>
File: Queries/Question_31/Question_31_screenshot.PNG Graphic file (type png)
 <use Queries/Question_31/Question_31_screenshot.PNG>
Overfull \hbox (586.22679pt too wide) in paragraph at lines 331--336
[]
 []


Underfull \hbox (badness 10000) in paragraph at lines 331--336

 []

[15 <./Queries/Question_30/Q30_screenshot.jpg> <./Queries/Question_31/Question_
31_screenshot.PNG>]
<Queries/Question_33/Q33_screenshot.jpg, id=93, 1014.03844pt x 167.12437pt>
File: Queries/Question_33/Q33_screenshot.jpg Graphic file (type jpg)

<use Queries/Question_33/Q33_screenshot.jpg>
Overfull \hbox (669.03596pt too wide) in paragraph at lines 367--368
[] 
 []

<Queries/Question_34/Q34_screenshot.jpg, id=94, 822.07124pt x 149.8097pt>
File: Queries/Question_34/Q34_screenshot.jpg Graphic file (type jpg)

<use Queries/Question_34/Q34_screenshot.jpg>
Overfull \hbox (477.06923pt too wide) in paragraph at lines 369--374
[]
 []


Underfull \hbox (badness 10000) in paragraph at lines 369--374

 []

[16 <./Queries/Question_33/Q33_screenshot.jpg>]
<Queries/Question_35/Question35.PNG, id=98, 904.88063pt x 141.52875pt>
File: Queries/Question_35/Question35.PNG Graphic file (type png)

<use Queries/Question_35/Question35.PNG>
Overfull \hbox (559.87843pt too wide) in paragraph at lines 389--390
[] 
 []

[17 <./Queries/Question_34/Q34_screenshot.jpg> <./Queries/Question_35/Question3
5.PNG>] (./skeleton.aux) ) 
Here is how much of TeX's memory you used:
 2631 strings out of 495061
 39593 string characters out of 1182621
 197624 words of memory out of 3000000
 5779 multiletter control sequences out of 15000+50000
 8203 words of font info for 29 fonts, out of 3000000 for 9000
 28 hyphenation exceptions out of 8191
 27i,6n,40p,431b,1463s stack positions out of 5000i,500n,10000p,200000b,50000s
</usr/share/texmf-texlive/fonts/type1/public/amsfonts
/cm/cmbx10.pfb></usr/share/texmf-texlive/fonts/type1/public/amsfonts/cm/cmbx12.
pfb></usr/share/texmf-texlive/fonts/type1/public/amsfonts/cm/cmmi10.pfb></usr/s
hare/texmf-texlive/fonts/type1/public/amsfonts/cm/cmr10.pfb></usr/share/texmf-t
exlive/fonts/type1/public/amsfonts/cm/cmr12.pfb></usr/share/texmf-texlive/fonts
/type1/public/amsfonts/cm/cmr17.pfb></usr/share/texmf-texlive/fonts/type1/publi
c/amsfonts/cm/cmsy10.pfb>
Output written on skeleton.pdf (17 pages, 2237568 bytes).
PDF statistics:
 126 PDF objects out of 1000 (max. 8388607)
 0 named destinations out of 1000 (max. 500000)
 136 words of extra memory for PDF output out of 10000 (max. 10000000)

